server is listening on port: 443
Login Request: Username: jannik
Login Request: Username: jannik successful.
BasicAuth: granted
AdminAuth: granted
AdminAuth: granted
AdminAuth: granted
GetUsers Request: successful
AdminAuth: granted
AdminAuth: granted
Register Request: Username: hsakldh
Register Request: Username: hsakldh successful.
AdminAuth: granted
AdminAuth: granted
GetUsers Request: successful
AdminAuth: granted
DeleteUser Request: Username: hsakldh
DeleteUser Request: Username: hsakldh successful
AdminAuth: granted
AdminAuth: granted
GetUsers Request: successful
^C